09:01:30: Creating resource group General
09:01:30: Creating resource group Internal
09:01:30: Creating resource group Autodetect
09:01:30: Registering ResourceManager for type Mesh
09:01:30: Registering ResourceManager for type Material
09:01:30: Registering ResourceManager for type Skeleton
09:01:30: XMLMeshSerializer reading mesh data from /media/tocho/unisync/docencia/2011_2012/Especialista_Videojuegos/Ejemplos/26OgreBullet2/blend/sheep.mesh.xml...
09:01:30: Reading submeshes...
09:01:30: Reading geometry...
09:01:30: Geometry done...
09:01:30: Reading geometry...
09:01:30: Geometry done...
09:01:30: Reading geometry...
09:01:30: Geometry done...
09:01:30: Reading geometry...
09:01:30: Geometry done...
09:01:30: Submeshes done.
09:01:30: XMLMeshSerializer import successful.
09:01:30: Reorganising vertex buffers to automatic layout..
09:01:30: MeshSerializer writing mesh data to /media/tocho/unisync/docencia/2011_2012/Especialista_Videojuegos/Ejemplos/26OgreBullet2/blend/sheep.mesh...
09:01:30: File header written.
09:01:30: Writing mesh data...
09:01:30: Writing submesh...
09:01:30: Exporting submesh texture aliases...
09:01:30: Submesh texture aliases exported.
09:01:30: Submesh exported.
09:01:30: Writing submesh...
09:01:30: Exporting submesh texture aliases...
09:01:30: Submesh texture aliases exported.
09:01:30: Submesh exported.
09:01:30: Writing submesh...
09:01:30: Exporting submesh texture aliases...
09:01:30: Submesh texture aliases exported.
09:01:30: Submesh exported.
09:01:30: Writing submesh...
09:01:30: Exporting submesh texture aliases...
09:01:30: Submesh texture aliases exported.
09:01:30: Submesh exported.
09:01:30: Exporting bounds information....
09:01:30: Bounds information exported.
09:01:30: Exporting submesh name table...
09:01:30: Submesh name table exported.
09:01:30: Exporting edge lists...
09:01:30: Edge lists exported
09:01:30: Mesh data exported.
09:01:30: MeshSerializer export successful.
09:01:30: Unregistering ResourceManager for type Skeleton
09:01:30: Unregistering ResourceManager for type Material
09:01:30: Unregistering ResourceManager for type Mesh
